
> backend@1.0.0 dev
> nodemon index.js

[33m[nodemon] 3.1.10[39m
[33m[nodemon] to restart at any time, enter `rs`[39m
[33m[nodemon] watching path(s): *.*[39m
[33m[nodemon] watching extensions: js,mjs,cjs,json[39m
[32m[nodemon] starting `node index.js`[39m
[dotenv@17.0.1] injecting env (7) from .env – [tip] encrypt with dotenvx: https://dotenvx.com
✦Aj WARN Arcjet will use 127.0.0.1 when missing public IP address in development mode
[dotenv@17.0.1] injecting env (0) from .env – [tip] encrypt with dotenvx: https://dotenvx.com
Server running on port 5000
DB Connected successfully.
[0mGET /api-v1/workspaces [36m304[0m 24.094 ms - -[0m
[0mGET /api-v1/workspaces [36m304[0m 9.219 ms - -[0m
[0mGET /api-v1/workspaces [36m304[0m 10.582 ms - -[0m
[0mGET /api-v1/workspaces/6899c751cf9485eb7acdf031/stats [36m304[0m 91.042 ms - -[0m
[0mGET /api-v1/workspaces [36m304[0m 6.559 ms - -[0m
[0mGET /api-v1/workspaces/6899c751cf9485eb7acdf031/stats [36m304[0m 11.337 ms - -[0m
[0mGET /api-v1/workspaces [36m304[0m 17.095 ms - -[0m
[0mGET /api-v1/projects/692143cc1cd73040777e5c58/tasks [36m304[0m 16.038 ms - -[0m
[0mGET /api-v1/workspaces [36m304[0m 20.122 ms - -[0m
[0mGET /api-v1/workspaces [36m304[0m 11.706 ms - -[0m
[0mGET /api-v1/tasks/my-tasks [36m304[0m 11.447 ms - -[0m
[0mGET /api-v1/workspaces [36m304[0m 8.508 ms - -[0m
[0mGET /api-v1/workspaces [36m304[0m 17.020 ms - -[0m
[0mGET /api-v1/workspaces [36m304[0m 23.235 ms - -[0m
[0mGET /api-v1/workspaces/6899c751cf9485eb7acdf031 [36m304[0m 37.761 ms - -[0m
[0mGET /api-v1/workspaces [36m304[0m 24.019 ms - -[0m
[0mGET /api-v1/workspaces [36m304[0m 12.833 ms - -[0m
[0mGET /api-v1/workspaces [36m304[0m 16.415 ms - -[0m
[0mGET /api-v1/tasks/achieved [32m200[0m 11.333 ms - 2[0m
[0mGET /api-v1/workspaces [36m304[0m 12.975 ms - -[0m
[0mGET /api-v1/workspaces/6899c751cf9485eb7acdf031/projects [32m200[0m 26.929 ms - 1288[0m
[0mGET /api-v1/projects/692143cc1cd73040777e5c58/tasks [36m304[0m 15.144 ms - -[0m
[0mGET /api-v1/workspaces [36m304[0m 4.906 ms - -[0m
[0mGET /api-v1/workspaces/6899c751cf9485eb7acdf031/stats [36m304[0m 15.530 ms - -[0m
[0mGET /api-v1/workspaces [36m304[0m 6.591 ms - -[0m
[0mGET /api-v1/workspaces [36m304[0m 4.570 ms - -[0m
[0mGET /api-v1/workspaces [36m304[0m 21.462 ms - -[0m
[0mGET /api-v1/workspaces [36m304[0m 9.637 ms - -[0m
[0mGET /api-v1/workspaces/6899c751cf9485eb7acdf031/stats [36m304[0m 17.515 ms - -[0m
[0mGET /api-v1/workspaces/6899c751cf9485eb7acdf031/projects [36m304[0m 11.204 ms - -[0m
[0mGET /api-v1/workspaces [36m304[0m 19.838 ms - -[0m
[0mGET /api-v1/workspaces [36m304[0m 19.133 ms - -[0m
[0mGET /api-v1/workspaces [36m304[0m 18.746 ms - -[0m
[0mGET /api-v1/workspaces [36m304[0m 18.374 ms - -[0m
[0mGET /api-v1/workspaces [36m304[0m 22.133 ms - -[0m
[0mGET /api-v1/workspaces [36m304[0m 16.845 ms - -[0m
[0mGET /api-v1/workspaces/6899c751cf9485eb7acdf031/stats [36m304[0m 29.423 ms - -[0m
[0mGET /api-v1/workspaces/6899c751cf9485eb7acdf031/projects [36m304[0m 33.315 ms - -[0m
[0mGET /api-v1/workspaces [36m304[0m 21.187 ms - -[0m
[0mGET /api-v1/workspaces [36m304[0m 20.683 ms - -[0m
[0mGET /api-v1/workspaces/6899c751cf9485eb7acdf031/stats [36m304[0m 33.813 ms - -[0m
[0mGET /api-v1/workspaces/6899c751cf9485eb7acdf031/projects [36m304[0m 49.099 ms - -[0m
[0mGET /api-v1/workspaces [36m304[0m 4.608 ms - -[0m
[0mGET /api-v1/workspaces [36m304[0m 7.527 ms - -[0m
[0mGET /api-v1/workspaces/6899c751cf9485eb7acdf031/stats [36m304[0m 13.231 ms - -[0m
[0mGET /api-v1/workspaces/6899c751cf9485eb7acdf031/projects [36m304[0m 22.270 ms - -[0m
[0mGET /api-v1/workspaces [36m304[0m 26.089 ms - -[0m
[0mGET /api-v1/workspaces [36m304[0m 20.772 ms - -[0m
[0mGET /api-v1/workspaces/6899c751cf9485eb7acdf031/stats [36m304[0m 30.589 ms - -[0m
[0mGET /api-v1/workspaces/6899c751cf9485eb7acdf031/projects [36m304[0m 30.301 ms - -[0m
[0mGET /api-v1/workspaces [36m304[0m 12.717 ms - -[0m
[0mGET /api-v1/workspaces [36m304[0m 7.353 ms - -[0m
[0mGET /api-v1/workspaces/6899c751cf9485eb7acdf031/stats [36m304[0m 13.057 ms - -[0m
[0mGET /api-v1/workspaces/6899c751cf9485eb7acdf031/projects [36m304[0m 11.784 ms - -[0m
[0mGET /api-v1/workspaces [36m304[0m 10.968 ms - -[0m
[0mGET /api-v1/workspaces [36m304[0m 10.455 ms - -[0m
[0mGET /api-v1/workspaces/6899c751cf9485eb7acdf031/stats [36m304[0m 20.650 ms - -[0m
[0mGET /api-v1/workspaces/6899c751cf9485eb7acdf031/projects [36m304[0m 19.951 ms - -[0m
[0mGET /api-v1/workspaces [36m304[0m 8.238 ms - -[0m
[0mGET /api-v1/workspaces [36m304[0m 7.768 ms - -[0m
[0mGET /api-v1/workspaces [36m304[0m 16.815 ms - -[0m
[0mGET /api-v1/workspaces [36m304[0m 16.316 ms - -[0m
[0mGET /api-v1/workspaces/6899c751cf9485eb7acdf031/stats [36m304[0m 35.628 ms - -[0m
[0mGET /api-v1/workspaces/6899c751cf9485eb7acdf031/projects [36m304[0m 26.839 ms - -[0m
[0mGET /api-v1/workspaces [36m304[0m 10.899 ms - -[0m
[0mGET /api-v1/workspaces [36m304[0m 9.945 ms - -[0m
[0mGET /api-v1/workspaces/6899c751cf9485eb7acdf031/stats [36m304[0m 7.944 ms - -[0m
[0mGET /api-v1/workspaces/6899c751cf9485eb7acdf031/projects [36m304[0m 9.965 ms - -[0m
[0mGET /api-v1/workspaces [36m304[0m 10.308 ms - -[0m
[0mGET /api-v1/workspaces/6899c751cf9485eb7acdf031/stats [36m304[0m 21.444 ms - -[0m
[0mGET /api-v1/workspaces [36m304[0m 12.979 ms - -[0m
[0mGET /api-v1/workspaces/6899c751cf9485eb7acdf031/stats [36m304[0m 54.683 ms - -[0m
[0mGET /api-v1/workspaces [36m304[0m 19.892 ms - -[0m
[0mGET /api-v1/workspaces/6899c751cf9485eb7acdf031/projects [36m304[0m 25.180 ms - -[0m
[0mGET /api-v1/workspaces [36m304[0m 15.707 ms - -[0m
[0mGET /api-v1/workspaces/6899c751cf9485eb7acdf031/stats [36m304[0m 35.150 ms - -[0m
[0mGET /api-v1/workspaces [36m304[0m 18.899 ms - -[0m
[0mGET /api-v1/workspaces [36m304[0m 22.421 ms - -[0m
[0mGET /api-v1/workspaces [36m304[0m 9.288 ms - -[0m
[0mGET /api-v1/tasks/achieved [32m200[0m 8.541 ms - 2[0m
[0mGET /api-v1/workspaces [36m304[0m 8.624 ms - -[0m
[0mGET /api-v1/workspaces [36m304[0m 6.392 ms - -[0m
[0mGET /api-v1/workspaces [36m304[0m 39.577 ms - -[0m
[0mGET /api-v1/tasks/my-tasks [32m200[0m 55.086 ms - 545[0m
[0mGET /api-v1/workspaces [36m304[0m 31.271 ms - -[0m
[0mGET /api-v1/workspaces [36m304[0m 15.159 ms - -[0m
[0mGET /api-v1/tasks/my-tasks [36m304[0m 44.212 ms - -[0m
[0mGET /api-v1/workspaces [36m304[0m 9.119 ms - -[0m
[0mGET /api-v1/workspaces [36m304[0m 6.897 ms - -[0m
[0mGET /api-v1/workspaces [36m304[0m 7.102 ms - -[0m
[0mGET /api-v1/workspaces [36m304[0m 11.011 ms - -[0m
[0mGET /api-v1/tasks/my-tasks [36m304[0m 15.665 ms - -[0m
[0mGET /api-v1/workspaces [36m304[0m 8.878 ms - -[0m
[0mGET /api-v1/workspaces [36m304[0m 11.022 ms - -[0m
[0mGET /api-v1/workspaces [36m304[0m 11.858 ms - -[0m
[0mGET /api-v1/tasks/my-tasks [36m304[0m 17.078 ms - -[0m
[0mGET /api-v1/workspaces [36m304[0m 17.201 ms - -[0m
[0mGET /api-v1/workspaces [36m304[0m 27.908 ms - -[0m
[0mGET /api-v1/workspaces [36m304[0m 11.693 ms - -[0m
[0mGET /api-v1/tasks/my-tasks [36m304[0m 15.462 ms - -[0m
[0mGET /api-v1/workspaces [36m304[0m 8.077 ms - -[0m
[0mGET /api-v1/workspaces [36m304[0m 13.815 ms - -[0m
[0mGET /api-v1/workspaces [36m304[0m 27.266 ms - -[0m
[0mGET /api-v1/tasks/my-tasks [36m304[0m 37.054 ms - -[0m
[0mGET /api-v1/workspaces [36m304[0m 11.467 ms - -[0m
[0mGET /api-v1/workspaces [36m304[0m 8.493 ms - -[0m
[0mGET /api-v1/workspaces [36m304[0m 26.254 ms - -[0m
[0mGET /api-v1/tasks/my-tasks [36m304[0m 34.530 ms - -[0m
[0mGET /api-v1/workspaces [36m304[0m 10.517 ms - -[0m
[0mGET /api-v1/workspaces [36m304[0m 5.273 ms - -[0m
[0mGET /api-v1/workspaces [36m304[0m 28.488 ms - -[0m
[0mGET /api-v1/tasks/my-tasks [36m304[0m 40.890 ms - -[0m
[0mGET /api-v1/workspaces [36m304[0m 17.315 ms - -[0m
[0mGET /api-v1/workspaces [36m304[0m 11.993 ms - -[0m
[0mGET /api-v1/workspaces [36m304[0m 61.467 ms - -[0m
[0mGET /api-v1/tasks/my-tasks [36m304[0m 67.938 ms - -[0m
[0mGET /api-v1/workspaces [36m304[0m 13.532 ms - -[0m
[0mGET /api-v1/workspaces [36m304[0m 6.771 ms - -[0m
[0mGET /api-v1/workspaces [36m304[0m 6.203 ms - -[0m
[0mGET /api-v1/tasks/my-tasks [36m304[0m 10.630 ms - -[0m
[0mGET /api-v1/workspaces [36m304[0m 7.725 ms - -[0m
[0mGET /api-v1/workspaces [36m304[0m 15.671 ms - -[0m
[0mGET /api-v1/workspaces/6899c751cf9485eb7acdf031/projects [36m304[0m 10.926 ms - -[0m
[0mGET /api-v1/workspaces [36m304[0m 16.517 ms - -[0m
[0mGET /api-v1/workspaces [36m304[0m 18.275 ms - -[0m
[0mGET /api-v1/workspaces [36m304[0m 27.031 ms - -[0m
[0mGET /api-v1/tasks/my-tasks [36m304[0m 39.007 ms - -[0m
[0mGET /api-v1/workspaces [36m304[0m 24.358 ms - -[0m
[0mGET /api-v1/workspaces/6899c751cf9485eb7acdf031/projects [36m304[0m 30.557 ms - -[0m
[0mGET /api-v1/workspaces [36m304[0m 19.967 ms - -[0m
[0mGET /api-v1/workspaces [36m304[0m 15.493 ms - -[0m
[0mGET /api-v1/workspaces [36m304[0m 14.486 ms - -[0m
[0mGET /api-v1/tasks/my-tasks [36m304[0m 27.847 ms - -[0m
[0mGET /api-v1/workspaces [36m304[0m 19.613 ms - -[0m
[0mGET /api-v1/workspaces/6899c751cf9485eb7acdf031/projects [36m304[0m 35.209 ms - -[0m
[0mGET /api-v1/workspaces [36m304[0m 11.808 ms - -[0m
[0mGET /api-v1/workspaces [36m304[0m 6.164 ms - -[0m
[0mGET /api-v1/workspaces [36m304[0m 9.798 ms - -[0m
[0mGET /api-v1/tasks/my-tasks [36m304[0m 14.376 ms - -[0m
[0mGET /api-v1/workspaces [36m304[0m 7.738 ms - -[0m
[0mGET /api-v1/workspaces/6899c751cf9485eb7acdf031/projects [36m304[0m 8.600 ms - -[0m
[0mGET /api-v1/tasks/my-tasks [36m304[0m 27.758 ms - -[0m
[0mGET /api-v1/tasks/my-tasks [36m304[0m 38.998 ms - -[0m
[0mGET /api-v1/workspaces [36m304[0m 6.477 ms - -[0m
[0mGET /api-v1/workspaces/6899c751cf9485eb7acdf031/projects [36m304[0m 32.090 ms - -[0m
[0mGET /api-v1/users/profile [32m200[0m 9.529 ms - 170[0m
[0mGET /api-v1/workspaces [36m304[0m 13.506 ms - -[0m
[0mGET /api-v1/workspaces [36m304[0m 17.095 ms - -[0m
[0mGET /api-v1/workspaces/6899c751cf9485eb7acdf031/stats [36m304[0m 34.470 ms - -[0m
[0mGET /api-v1/tasks/my-tasks [36m304[0m 25.658 ms - -[0m
[0mGET /api-v1/tasks/my-tasks [36m304[0m 22.113 ms - -[0m
[0mGET /api-v1/workspaces [36m304[0m 3.516 ms - -[0m
[0mGET /api-v1/workspaces [36m304[0m 9.875 ms - -[0m
[0mGET /api-v1/tasks/my-tasks [36m304[0m 14.046 ms - -[0m
[0mGET /api-v1/workspaces [36m304[0m 7.311 ms - -[0m
[0mGET /api-v1/workspaces [36m304[0m 5.868 ms - -[0m
[0mGET /api-v1/workspaces [36m304[0m 12.492 ms - -[0m
[0mGET /api-v1/workspaces [36m304[0m 11.441 ms - -[0m
[0mGET /api-v1/workspaces [36m304[0m 11.427 ms - -[0m
[0mGET /api-v1/workspaces/6899c751cf9485eb7acdf031/stats [36m304[0m 8.490 ms - -[0m
[0mGET /api-v1/workspaces [36m304[0m 19.670 ms - -[0m
[0mGET /api-v1/workspaces [36m304[0m 18.119 ms - -[0m
[0mGET /api-v1/workspaces/6899c751cf9485eb7acdf031/stats [36m304[0m 28.808 ms - -[0m
[0mGET /api-v1/workspaces/6899c751cf9485eb7acdf031/stats [36m304[0m 88.140 ms - -[0m
[0mGET /api-v1/workspaces [36m304[0m 7.110 ms - -[0m
[0mGET /api-v1/workspaces [36m304[0m 6.806 ms - -[0m
[0mGET /api-v1/workspaces/6899c751cf9485eb7acdf031/stats [36m304[0m 14.820 ms - -[0m
[0mGET /api-v1/workspaces/6899c751cf9485eb7acdf031/stats [36m304[0m 13.310 ms - -[0m
